0:0:0:0:0:0:0:1 - - [25/May/2015:16:32:08 +0300] "GET / HTTP/1.1" 200 0
0:0:0:0:0:0:0:1 - - [25/May/2015:16:32:08 +0300] "GET /jquery.js HTTP/1.1" 200 0
0:0:0:0:0:0:0:1 - - [25/May/2015:16:32:08 +0300] "GET /scripts.js HTTP/1.1" 200 0
0:0:0:0:0:0:0:1 - - [25/May/2015:16:32:08 +0300] "GET /style.css HTTP/1.1" 200 0
0:0:0:0:0:0:0:1 - - [25/May/2015:16:32:09 +0300] "GET /api/studients/scores/0 HTTP/1.1" 200 0
0:0:0:0:0:0:0:1 - - [25/May/2015:16:32:09 +0300] "GET /favicon.ico HTTP/1.1" 200 0
0:0:0:0:0:0:0:1 - - [01/Jun/2015:14:00:04 +0300] "GET / HTTP/1.1" 200 0
0:0:0:0:0:0:0:1 - - [01/Jun/2015:14:00:04 +0300] "GET /jquery.js HTTP/1.1" 200 0
0:0:0:0:0:0:0:1 - - [01/Jun/2015:14:00:04 +0300] "GET /style.css HTTP/1.1" 200 0
0:0:0:0:0:0:0:1 - - [01/Jun/2015:14:00:04 +0300] "GET /scripts.js HTTP/1.1" 200 0
0:0:0:0:0:0:0:1 - - [01/Jun/2015:14:00:04 +0300] "GET /api/studients/scores/0 HTTP/1.1" 200 0
0:0:0:0:0:0:0:1 - - [01/Jun/2015:14:00:04 +0300] "GET /favicon.ico HTTP/1.1" 200 0
0:0:0:0:0:0:0:1 - - [01/Jun/2015:15:05:21 +0300] "GET / HTTP/1.1" 200 0
0:0:0:0:0:0:0:1 - - [01/Jun/2015:15:05:21 +0300] "GET /jquery.js HTTP/1.1" 200 0
0:0:0:0:0:0:0:1 - - [01/Jun/2015:15:05:21 +0300] "GET /style.css HTTP/1.1" 200 0
0:0:0:0:0:0:0:1 - - [01/Jun/2015:15:05:21 +0300] "GET /scripts.js HTTP/1.1" 200 0
0:0:0:0:0:0:0:1 - - [01/Jun/2015:15:05:21 +0300] "GET /api/studients/scores/0 HTTP/1.1" 200 0
0:0:0:0:0:0:0:1 - - [01/Jun/2015:15:05:25 +0300] "GET /api/studients/scores/0 HTTP/1.1" 200 0
0:0:0:0:0:0:0:1 - - [01/Jun/2015:15:05:40 +0300] "GET /api/studients/scores/ HTTP/1.1" 200 0
0:0:0:0:0:0:0:1 - - [01/Jun/2015:16:04:52 +0300] "GET /api/studients/scores/ HTTP/1.1" 200 0
0:0:0:0:0:0:0:1 - - [01/Jun/2015:16:05:04 +0300] "GET /api/studients/inserts:3 HTTP/1.1" 200 0
0:0:0:0:0:0:0:1 - - [01/Jun/2015:16:05:11 +0300] "GET /api/studients/insert:3 HTTP/1.1" 200 0
0:0:0:0:0:0:0:1 - - [01/Jun/2015:16:05:24 +0300] "GET /api/studients/insert:3 HTTP/1.1" 200 0
0:0:0:0:0:0:0:1 - - [01/Jun/2015:16:05:24 +0300] "GET /api/studients/insert HTTP/1.1" 200 0
0:0:0:0:0:0:0:1 - - [01/Jun/2015:16:05:27 +0300] "GET /api/studients/insert/3 HTTP/1.1" 200 0
0:0:0:0:0:0:0:1 - - [01/Jun/2015:16:05:58 +0300] "GET /api/studients/scores/ HTTP/1.1" 200 0
0:0:0:0:0:0:0:1 - - [01/Jun/2015:16:06:05 +0300] "GET /api/studients/scores/ HTTP/1.1" 200 0
0:0:0:0:0:0:0:1 - - [01/Jun/2015:16:06:06 +0300] "GET /api/studients/scores/ HTTP/1.1" 200 0
0:0:0:0:0:0:0:1 - - [01/Jun/2015:16:06:06 +0300] "GET /api/studients/insert/3 HTTP/1.1" 200 0
0:0:0:0:0:0:0:1 - - [01/Jun/2015:16:06:07 +0300] "GET /api/studients/insert HTTP/1.1" 200 0
0:0:0:0:0:0:0:1 - - [01/Jun/2015:16:09:20 +0300] "GET /api/studients/scores/ HTTP/1.1" 200 0
0:0:0:0:0:0:0:1 - - [01/Jun/2015:16:09:27 +0300] "GET /api/studients/add/3 HTTP/1.1" 200 0
0:0:0:0:0:0:0:1 - - [01/Jun/2015:16:09:36 +0300] "GET /api/studients/scores/ HTTP/1.1" 200 0
0:0:0:0:0:0:0:1 - - [01/Jun/2015:16:09:39 +0300] "GET /api/studients/scores/ HTTP/1.1" 200 0
0:0:0:0:0:0:0:1 - - [01/Jun/2015:16:09:43 +0300] "GET /api/studients/scores/ HTTP/1.1" 200 0
0:0:0:0:0:0:0:1 - - [01/Jun/2015:16:09:55 +0300] "GET /api/studients/scores HTTP/1.1" 200 0
0:0:0:0:0:0:0:1 - - [01/Jun/2015:16:09:57 +0300] "GET /api/studients/scores HTTP/1.1" 200 0
0:0:0:0:0:0:0:1 - - [01/Jun/2015:16:11:21 +0300] "GET /api/studients/scores HTTP/1.1" 200 0
0:0:0:0:0:0:0:1 - - [01/Jun/2015:16:11:23 +0300] "GET /api/studients/scores/ HTTP/1.1" 200 0
0:0:0:0:0:0:0:1 - - [01/Jun/2015:16:12:53 +0300] "GET /api/studients/scores/ HTTP/1.1" 200 0
0:0:0:0:0:0:0:1 - - [01/Jun/2015:16:14:16 +0300] "GET /api/studients/scores/ HTTP/1.1" 200 0
0:0:0:0:0:0:0:1 - - [01/Jun/2015:16:15:29 +0300] "GET /api/studients/scores/ HTTP/1.1" 200 0
0:0:0:0:0:0:0:1 - - [01/Jun/2015:16:15:31 +0300] "GET /api/studients/scores/ HTTP/1.1" 200 0
0:0:0:0:0:0:0:1 - - [01/Jun/2015:16:32:15 +0300] "GET /api/studients/scores/ HTTP/1.1" 200 0
0:0:0:0:0:0:0:1 - - [01/Jun/2015:16:46:22 +0300] "GET /api/studients/scores/ HTTP/1.1" 200 0
0:0:0:0:0:0:0:1 - - [01/Jun/2015:16:46:26 +0300] "GET /api/studients/scores/3 HTTP/1.1" 200 0
0:0:0:0:0:0:0:1 - - [01/Jun/2015:16:46:29 +0300] "GET /api/studients/scores/0 HTTP/1.1" 200 0
0:0:0:0:0:0:0:1 - - [01/Jun/2015:16:56:34 +0300] "GET /api/studients/scores/0 HTTP/1.1" 200 0
0:0:0:0:0:0:0:1 - - [01/Jun/2015:16:57:58 +0300] "GET /api/studients/scores/0 HTTP/1.1" 200 0
0:0:0:0:0:0:0:1 - - [01/Jun/2015:17:10:08 +0300] "GET /api/studients/add/3 HTTP/1.1" 200 0
0:0:0:0:0:0:0:1 - - [01/Jun/2015:17:10:12 +0300] "GET /api/studients/add:5 HTTP/1.1" 200 0
0:0:0:0:0:0:0:1 - - [01/Jun/2015:17:10:18 +0300] "GET /api/studients/scores/ HTTP/1.1" 200 0
0:0:0:0:0:0:0:1 - - [01/Jun/2015:17:11:35 +0300] "GET /api/studients/scores/ HTTP/1.1" 200 0
0:0:0:0:0:0:0:1 - - [01/Jun/2015:17:11:39 +0300] "GET /api/studients/add:5 HTTP/1.1" 200 0
0:0:0:0:0:0:0:1 - - [01/Jun/2015:17:12:02 +0300] "GET /api/studients/scores/ HTTP/1.1" 200 0
0:0:0:0:0:0:0:1 - - [01/Jun/2015:17:12:24 +0300] "GET /api/studients/add:5 HTTP/1.1" 200 0
0:0:0:0:0:0:0:1 - - [01/Jun/2015:17:12:25 +0300] "GET /api/studients/add/3 HTTP/1.1" 200 0
0:0:0:0:0:0:0:1 - - [01/Jun/2015:17:12:26 +0300] "GET /api/studients/add/5 HTTP/1.1" 200 0
0:0:0:0:0:0:0:1 - - [01/Jun/2015:17:12:30 +0300] "GET /api/studients/scores/ HTTP/1.1" 200 0
0:0:0:0:0:0:0:1 - - [01/Jun/2015:17:13:20 +0300] "GET /api/studients/scores/ HTTP/1.1" 200 0
0:0:0:0:0:0:0:1 - - [01/Jun/2015:17:13:23 +0300] "GET /api/studients/add:5 HTTP/1.1" 200 0
0:0:0:0:0:0:0:1 - - [01/Jun/2015:17:13:29 +0300] "GET /api/studients/scores/ HTTP/1.1" 200 0
0:0:0:0:0:0:0:1 - - [01/Jun/2015:17:13:33 +0300] "GET /api/studients/add:5 HTTP/1.1" 200 0
0:0:0:0:0:0:0:1 - - [01/Jun/2015:17:13:34 +0300] "GET /api/studients/add/5 HTTP/1.1" 200 0
0:0:0:0:0:0:0:1 - - [01/Jun/2015:17:13:39 +0300] "GET /api/studients/scores/ HTTP/1.1" 200 0
0:0:0:0:0:0:0:1 - - [01/Jun/2015:17:14:53 +0300] "GET /api/studients/add:5 HTTP/1.1" 200 0
0:0:0:0:0:0:0:1 - - [01/Jun/2015:17:14:54 +0300] "GET /api/studients/add/5 HTTP/1.1" 200 0
0:0:0:0:0:0:0:1 - - [01/Jun/2015:17:14:54 +0300] "GET /api/studients/add/3 HTTP/1.1" 200 0
0:0:0:0:0:0:0:1 - - [02/Jun/2015:13:53:42 +0300] "GET / HTTP/1.1" 200 0
0:0:0:0:0:0:0:1 - - [02/Jun/2015:13:53:42 +0300] "GET /jquery.js HTTP/1.1" 200 0
0:0:0:0:0:0:0:1 - - [02/Jun/2015:13:53:42 +0300] "GET /scripts.js HTTP/1.1" 200 0
0:0:0:0:0:0:0:1 - - [02/Jun/2015:13:53:42 +0300] "GET /style.css HTTP/1.1" 200 0
0:0:0:0:0:0:0:1 - - [02/Jun/2015:13:53:43 +0300] "GET /api/studients/scores/0 HTTP/1.1" 200 0
0:0:0:0:0:0:0:1 - - [02/Jun/2015:13:53:55 +0300] "GET /api/studients/scores/ HTTP/1.1" 200 0
0:0:0:0:0:0:0:1 - - [02/Jun/2015:13:54:03 +0300] "GET /api/studients/add/3 HTTP/1.1" 200 0
0:0:0:0:0:0:0:1 - - [02/Jun/2015:13:54:09 +0300] "GET /api/studients/scores/ HTTP/1.1" 200 0
0:0:0:0:0:0:0:1 - - [02/Jun/2015:13:54:15 +0300] "GET /api/studients/add/3 HTTP/1.1" 200 0
0:0:0:0:0:0:0:1 - - [02/Jun/2015:13:54:18 +0300] "GET /api/studients/add/5 HTTP/1.1" 200 0
0:0:0:0:0:0:0:1 - - [02/Jun/2015:13:54:22 +0300] "GET /api/studients/scores/ HTTP/1.1" 200 0
0:0:0:0:0:0:0:1 - - [02/Jun/2015:13:55:07 +0300] "GET /api/studients/scores/ HTTP/1.1" 200 0
0:0:0:0:0:0:0:1 - - [02/Jun/2015:13:55:11 +0300] "GET /api/studients/add/3 HTTP/1.1" 200 0
0:0:0:0:0:0:0:1 - - [02/Jun/2015:13:55:14 +0300] "GET /api/studients/add/3 HTTP/1.1" 200 0
0:0:0:0:0:0:0:1 - - [02/Jun/2015:13:55:16 +0300] "GET /api/studients/add/5 HTTP/1.1" 200 0
0:0:0:0:0:0:0:1 - - [02/Jun/2015:13:55:20 +0300] "GET /api/studients/scores/ HTTP/1.1" 200 0
0:0:0:0:0:0:0:1 - - [02/Jun/2015:13:57:30 +0300] "GET /api/studients/add/5 HTTP/1.1" 200 0
0:0:0:0:0:0:0:1 - - [02/Jun/2015:13:57:32 +0300] "GET /api/studients/add/denis HTTP/1.1" 200 0
0:0:0:0:0:0:0:1 - - [02/Jun/2015:13:57:37 +0300] "GET /api/studients/scores/ HTTP/1.1" 200 0
0:0:0:0:0:0:0:1 - - [02/Jun/2015:13:57:47 +0300] "GET /api/studients/add/5 HTTP/1.1" 200 0
0:0:0:0:0:0:0:1 - - [02/Jun/2015:13:58:00 +0300] "GET /api/studients/add/kdk HTTP/1.1" 200 0
0:0:0:0:0:0:0:1 - - [02/Jun/2015:13:58:03 +0300] "GET /api/studients/add/5 HTTP/1.1" 200 0
0:0:0:0:0:0:0:1 - - [02/Jun/2015:13:58:06 +0300] "GET /api/studients/scores/ HTTP/1.1" 200 0
0:0:0:0:0:0:0:1 - - [02/Jun/2015:23:49:36 +0300] "GET / HTTP/1.1" 200 0
0:0:0:0:0:0:0:1 - - [02/Jun/2015:23:49:36 +0300] "GET /jquery.js HTTP/1.1" 200 0
0:0:0:0:0:0:0:1 - - [02/Jun/2015:23:49:36 +0300] "GET /scripts.js HTTP/1.1" 200 0
0:0:0:0:0:0:0:1 - - [02/Jun/2015:23:49:36 +0300] "GET /style.css HTTP/1.1" 200 0
0:0:0:0:0:0:0:1 - - [02/Jun/2015:23:49:37 +0300] "GET /api/studients/scores/0 HTTP/1.1" 200 0
0:0:0:0:0:0:0:1 - - [02/Jun/2015:23:49:44 +0300] "GET /api/studients/add/5 HTTP/1.1" 200 0
0:0:0:0:0:0:0:1 - - [02/Jun/2015:23:49:55 +0300] "GET /api/studients/add/Denis,2,2 HTTP/1.1" 200 0
0:0:0:0:0:0:0:1 - - [02/Jun/2015:23:50:03 +0300] "GET /api/studients/scores/ HTTP/1.1" 200 0
0:0:0:0:0:0:0:1 - - [03/Jun/2015:01:06:53 +0300] "GET /api/studients/scores/ HTTP/1.1" 200 0
0:0:0:0:0:0:0:1 - - [03/Jun/2015:01:07:08 +0300] "GET /api/studients/add/5 HTTP/1.1" 200 0
0:0:0:0:0:0:0:1 - - [03/Jun/2015:01:07:12 +0300] "GET /api/studients/add/kdk HTTP/1.1" 200 0
0:0:0:0:0:0:0:1 - - [03/Jun/2015:01:07:15 +0300] "GET /api/studients/add/kdk,5,5 HTTP/1.1" 200 0
0:0:0:0:0:0:0:1 - - [03/Jun/2015:01:07:25 +0300] "GET /api/studients/add/kdk,5,5 HTTP/1.1" 200 0
0:0:0:0:0:0:0:1 - - [03/Jun/2015:01:07:26 +0300] "GET /api/studients/add/kdk,5,5 HTTP/1.1" 200 0
0:0:0:0:0:0:0:1 - - [03/Jun/2015:01:07:27 +0300] "GET /api/studients/scores/ HTTP/1.1" 200 0
0:0:0:0:0:0:0:1 - - [03/Jun/2015:01:07:38 +0300] "GET /api/studients/add/5 HTTP/1.1" 200 0
0:0:0:0:0:0:0:1 - - [03/Jun/2015:01:07:40 +0300] "GET /api/studients/add/denis HTTP/1.1" 200 0
0:0:0:0:0:0:0:1 - - [03/Jun/2015:01:08:23 +0300] "GET /api/studients/add/d,4,4 HTTP/1.1" 200 0
0:0:0:0:0:0:0:1 - - [03/Jun/2015:01:08:29 +0300] "GET /api/studients/scores/ HTTP/1.1" 200 0
0:0:0:0:0:0:0:1 - - [03/Jun/2015:01:10:32 +0300] "GET /api/studients/scores/ HTTP/1.1" 200 0
0:0:0:0:0:0:0:1 - - [03/Jun/2015:01:10:38 +0300] "GET /api/studients/add/5 HTTP/1.1" 200 0
0:0:0:0:0:0:0:1 - - [03/Jun/2015:01:10:40 +0300] "GET /api/studients/add:5 HTTP/1.1" 200 0
0:0:0:0:0:0:0:1 - - [03/Jun/2015:01:10:43 +0300] "GET /api/studients/add/5 HTTP/1.1" 200 0
0:0:0:0:0:0:0:1 - - [03/Jun/2015:01:10:46 +0300] "GET /api/studients/add/d,4,4 HTTP/1.1" 200 0
0:0:0:0:0:0:0:1 - - [03/Jun/2015:01:10:46 +0300] "GET /api/studients/add/denis HTTP/1.1" 200 0
0:0:0:0:0:0:0:1 - - [03/Jun/2015:01:10:51 +0300] "GET /api/studients/add/Denis,2,2 HTTP/1.1" 200 0
0:0:0:0:0:0:0:1 - - [03/Jun/2015:01:11:00 +0300] "GET /api/studients/add/Denis,2,2 HTTP/1.1" 200 0
0:0:0:0:0:0:0:1 - - [03/Jun/2015:01:11:01 +0300] "GET /api/studients/add/Denis,2,2 HTTP/1.1" 200 0
0:0:0:0:0:0:0:1 - - [03/Jun/2015:01:11:06 +0300] "GET /api/studients/add/5 HTTP/1.1" 200 0
0:0:0:0:0:0:0:1 - - [03/Jun/2015:01:11:06 +0300] "GET /api/studients/add/Denis,2,2 HTTP/1.1" 200 0
0:0:0:0:0:0:0:1 - - [03/Jun/2015:01:11:11 +0300] "GET /api/studients/add/Denis,3,4 HTTP/1.1" 200 0
0:0:0:0:0:0:0:1 - - [03/Jun/2015:01:11:19 +0300] "GET /api/studients/add/5 HTTP/1.1" 200 0
0:0:0:0:0:0:0:1 - - [03/Jun/2015:01:11:22 +0300] "GET /api/studients/scores/ HTTP/1.1" 200 0
0:0:0:0:0:0:0:1 - - [03/Jun/2015:01:11:23 +0300] "GET /api/studients/scores/ HTTP/1.1" 200 0
0:0:0:0:0:0:0:1 - - [03/Jun/2015:18:44:16 +0300] "GET / HTTP/1.1" 200 0
0:0:0:0:0:0:0:1 - - [03/Jun/2015:18:44:16 +0300] "GET /jquery.js HTTP/1.1" 200 0
0:0:0:0:0:0:0:1 - - [03/Jun/2015:18:44:16 +0300] "GET /style.css HTTP/1.1" 200 0
0:0:0:0:0:0:0:1 - - [03/Jun/2015:18:44:16 +0300] "GET /scripts.js HTTP/1.1" 200 0
0:0:0:0:0:0:0:1 - - [03/Jun/2015:18:44:16 +0300] "GET /api/studients/scores/0 HTTP/1.1" 200 0
0:0:0:0:0:0:0:1 - - [03/Jun/2015:18:44:17 +0300] "GET /api/studients/scores/0 HTTP/1.1" 200 0
0:0:0:0:0:0:0:1 - - [03/Jun/2015:18:44:53 +0300] "GET /api/studients/scores/0 HTTP/1.1" 200 0
0:0:0:0:0:0:0:1 - - [03/Jun/2015:18:44:54 +0300] "GET /api/studients/scores/0 HTTP/1.1" 200 0
0:0:0:0:0:0:0:1 - - [03/Jun/2015:18:45:00 +0300] "GET /api/studients/add/5 HTTP/1.1" 200 0
0:0:0:0:0:0:0:1 - - [03/Jun/2015:18:45:01 +0300] "GET /api/studients/add/5 HTTP/1.1" 200 0
0:0:0:0:0:0:0:1 - - [03/Jun/2015:18:45:02 +0300] "GET /api/studients/add/denis HTTP/1.1" 200 0
0:0:0:0:0:0:0:1 - - [03/Jun/2015:18:45:09 +0300] "GET /api/studients/add/denis,8,8 HTTP/1.1" 200 0
0:0:0:0:0:0:0:1 - - [03/Jun/2015:18:49:27 +0300] "GET /api/studients/add/denis,8,8 HTTP/1.1" 200 0
0:0:0:0:0:0:0:1 - - [03/Jun/2015:20:01:14 +0300] "GET /api/studients/scores/ HTTP/1.1" 200 0
0:0:0:0:0:0:0:1 - - [03/Jun/2015:20:01:17 +0300] "GET /api/studients/scores/ HTTP/1.1" 200 0
0:0:0:0:0:0:0:1 - - [03/Jun/2015:20:04:05 +0300] "GET /api/studients/scores/ HTTP/1.1" 200 0
0:0:0:0:0:0:0:1 - - [04/Jun/2015:01:13:02 +0300] "GET /api/studients/scores/ HTTP/1.1" 200 0
0:0:0:0:0:0:0:1 - - [05/Jun/2015:13:50:46 +0300] "GET / HTTP/1.1" 200 0
0:0:0:0:0:0:0:1 - - [05/Jun/2015:13:50:46 +0300] "GET /jquery.js HTTP/1.1" 200 0
0:0:0:0:0:0:0:1 - - [05/Jun/2015:13:50:46 +0300] "GET /scripts.js HTTP/1.1" 200 0
0:0:0:0:0:0:0:1 - - [05/Jun/2015:13:50:46 +0300] "GET /style.css HTTP/1.1" 200 0
0:0:0:0:0:0:0:1 - - [05/Jun/2015:13:50:46 +0300] "GET /api/studients/scores/0 HTTP/1.1" 200 0
0:0:0:0:0:0:0:1 - - [05/Jun/2015:13:50:57 +0300] "GET /jquery.js HTTP/1.1" 200 0
0:0:0:0:0:0:0:1 - - [06/Jun/2015:01:47:57 +0300] "GET / HTTP/1.1" 200 0
0:0:0:0:0:0:0:1 - - [06/Jun/2015:01:47:57 +0300] "GET /style.css HTTP/1.1" 200 0
0:0:0:0:0:0:0:1 - - [06/Jun/2015:01:47:57 +0300] "GET /favicon.ico HTTP/1.1" 200 0
0:0:0:0:0:0:0:1 - - [06/Jun/2015:01:48:00 +0300] "GET / HTTP/1.1" 200 0
0:0:0:0:0:0:0:1 - - [06/Jun/2015:01:48:00 +0300] "GET /style.css HTTP/1.1" 200 0
0:0:0:0:0:0:0:1 - - [06/Jun/2015:01:50:09 +0300] "GET / HTTP/1.1" 200 0
0:0:0:0:0:0:0:1 - - [06/Jun/2015:01:50:09 +0300] "GET /style.css HTTP/1.1" 200 0
0:0:0:0:0:0:0:1 - - [06/Jun/2015:01:54:27 +0300] "GET / HTTP/1.1" 200 0
0:0:0:0:0:0:0:1 - - [06/Jun/2015:01:54:27 +0300] "GET /style.css HTTP/1.1" 200 0
0:0:0:0:0:0:0:1 - - [06/Jun/2015:01:58:04 +0300] "GET / HTTP/1.1" 200 0
0:0:0:0:0:0:0:1 - - [06/Jun/2015:01:58:11 +0300] "GET /api/studients/scores/ HTTP/1.1" 200 0
0:0:0:0:0:0:0:1 - - [06/Jun/2015:01:58:35 +0300] "GET /api/game/join/Deniska HTTP/1.1" 200 0
0:0:0:0:0:0:0:1 - - [06/Jun/2015:01:59:11 +0300] "GET /api/game/join/isWin HTTP/1.1" 200 0
0:0:0:0:0:0:0:1 - - [06/Jun/2015:01:59:25 +0300] "GET /api/game/scores HTTP/1.1" 200 0
0:0:0:0:0:0:0:1 - - [06/Jun/2015:02:00:08 +0300] "GET /api/game/scores HTTP/1.1" 200 0
0:0:0:0:0:0:0:1 - - [06/Jun/2015:02:03:03 +0300] "GET /api/game/scores HTTP/1.1" 200 0
0:0:0:0:0:0:0:1 - - [06/Jun/2015:02:03:10 +0300] "GET /api/game/join/isWin HTTP/1.1" 200 0
0:0:0:0:0:0:0:1 - - [06/Jun/2015:02:03:14 +0300] "GET /api/game/join/kdk HTTP/1.1" 200 0
0:0:0:0:0:0:0:1 - - [06/Jun/2015:02:04:48 +0300] "GET /api/game/join/kdk HTTP/1.1" 200 0
0:0:0:0:0:0:0:1 - - [06/Jun/2015:02:05:16 +0300] "GET /api/game/join/ready HTTP/1.1" 200 0
0:0:0:0:0:0:0:1 - - [06/Jun/2015:02:06:32 +0300] "GET /api/game/join/ready HTTP/1.1" 200 0
0:0:0:0:0:0:0:1 - - [06/Jun/2015:02:06:39 +0300] "GET /api/game/ready HTTP/1.1" 200 0
0:0:0:0:0:0:0:1 - - [06/Jun/2015:02:06:44 +0300] "GET /api/game/ready HTTP/1.1" 200 0
0:0:0:0:0:0:0:1 - - [06/Jun/2015:02:06:44 +0300] "GET /api/game/join/ready HTTP/1.1" 200 0
0:0:0:0:0:0:0:1 - - [06/Jun/2015:02:06:49 +0300] "GET /api/game/join/kdk HTTP/1.1" 200 0
0:0:0:0:0:0:0:1 - - [06/Jun/2015:02:07:37 +0300] "GET /api/game/join/kdk HTTP/1.1" 200 0
0:0:0:0:0:0:0:1 - - [06/Jun/2015:02:07:48 +0300] "GET /api/game/join/kdk HTTP/1.1" 200 0
0:0:0:0:0:0:0:1 - - [06/Jun/2015:02:07:51 +0300] "GET /api/game/join/bd HTTP/1.1" 200 0
0:0:0:0:0:0:0:1 - - [06/Jun/2015:02:07:54 +0300] "GET /api/game/join/kdk HTTP/1.1" 200 0
0:0:0:0:0:0:0:1 - - [06/Jun/2015:02:07:55 +0300] "GET /api/game/join/kdk HTTP/1.1" 200 0
0:0:0:0:0:0:0:1 - - [06/Jun/2015:02:07:59 +0300] "GET /api/game/join/kikar HTTP/1.1" 200 0
0:0:0:0:0:0:0:1 - - [06/Jun/2015:02:08:29 +0300] "GET /api/game/join/kdk HTTP/1.1" 200 0
0:0:0:0:0:0:0:1 - - [06/Jun/2015:02:08:39 +0300] "GET /api/game/join/br HTTP/1.1" 200 0
0:0:0:0:0:0:0:1 - - [06/Jun/2015:02:08:49 +0300] "GET /api/game/join/kdk HTTP/1.1" 200 0
0:0:0:0:0:0:0:1 - - [06/Jun/2015:02:08:52 +0300] "GET /api/game/join/tool HTTP/1.1" 200 0
0:0:0:0:0:0:0:1 - - [06/Jun/2015:02:09:09 +0300] "GET /api/game/leave/kdk HTTP/1.1" 200 0
0:0:0:0:0:0:0:1 - - [06/Jun/2015:02:09:24 +0300] "GET /api/game/leave/ready HTTP/1.1" 200 0
0:0:0:0:0:0:0:1 - - [06/Jun/2015:02:09:33 +0300] "GET /api/game/leave/ready HTTP/1.1" 200 0
0:0:0:0:0:0:0:1 - - [06/Jun/2015:02:09:34 +0300] "GET /api/game/ready HTTP/1.1" 200 0
0:0:0:0:0:0:0:1 - - [06/Jun/2015:02:10:17 +0300] "GET /api/game/ready HTTP/1.1" 200 0
0:0:0:0:0:0:0:1 - - [06/Jun/2015:02:10:17 +0300] "GET /api/game/ready HTTP/1.1" 200 0
0:0:0:0:0:0:0:1 - - [06/Jun/2015:02:10:19 +0300] "GET /api/game/isWin HTTP/1.1" 200 0
0:0:0:0:0:0:0:1 - - [06/Jun/2015:02:10:22 +0300] "GET /api/game/isWin/ HTTP/1.1" 200 0
0:0:0:0:0:0:0:1 - - [06/Jun/2015:02:10:47 +0300] "GET /api/game/scores HTTP/1.1" 200 0
0:0:0:0:0:0:0:1 - - [06/Jun/2015:02:10:55 +0300] "GET /api/game/join/kdk HTTP/1.1" 200 0
0:0:0:0:0:0:0:1 - - [06/Jun/2015:02:10:57 +0300] "GET /api/game/isWin/ HTTP/1.1" 200 0
0:0:0:0:0:0:0:1 - - [06/Jun/2015:02:11:16 +0300] "GET /api/game/ready HTTP/1.1" 200 0
0:0:0:0:0:0:0:1 - - [06/Jun/2015:02:11:18 +0300] "GET /api/game/ready/ HTTP/1.1" 200 0
0:0:0:0:0:0:0:1 - - [06/Jun/2015:02:12:58 +0300] "GET /api/game/ready/ HTTP/1.1" 200 0
0:0:0:0:0:0:0:1 - - [06/Jun/2015:02:13:03 +0300] "GET /api/game/join/kdk HTTP/1.1" 200 0
0:0:0:0:0:0:0:1 - - [06/Jun/2015:02:13:04 +0300] "GET /api/game/isWin/ HTTP/1.1" 200 0
0:0:0:0:0:0:0:1 - - [06/Jun/2015:02:13:19 +0300] "GET /api/game/join/kdk HTTP/1.1" 200 0
0:0:0:0:0:0:0:1 - - [06/Jun/2015:02:13:54 +0300] "GET /api/game/ready HTTP/1.1" 200 0
0:0:0:0:0:0:0:1 - - [06/Jun/2015:02:13:59 +0300] "GET /api/game/ready HTTP/1.1" 200 0
0:0:0:0:0:0:0:1 - - [06/Jun/2015:02:14:01 +0300] "GET /api/game/ready/ HTTP/1.1" 200 0
0:0:0:0:0:0:0:1 - - [06/Jun/2015:02:16:31 +0300] "GET / HTTP/1.1" 200 0
0:0:0:0:0:0:0:1 - - [06/Jun/2015:02:28:56 +0300] "GET /api/game/join/kdk HTTP/1.1" 200 0
0:0:0:0:0:0:0:1 - - [06/Jun/2015:02:29:02 +0300] "GET /api/game/next/kdk HTTP/1.1" 200 0
0:0:0:0:0:0:0:1 - - [06/Jun/2015:02:29:16 +0300] "GET / HTTP/1.1" 200 0
0:0:0:0:0:0:0:1 - - [06/Jun/2015:02:29:16 +0300] "GET /style.css HTTP/1.1" 200 0
0:0:0:0:0:0:0:1 - - [06/Jun/2015:02:32:12 +0300] "GET / HTTP/1.1" 200 0
0:0:0:0:0:0:0:1 - - [06/Jun/2015:02:32:12 +0300] "GET /style.css HTTP/1.1" 200 0
0:0:0:0:0:0:0:1 - - [06/Jun/2015:02:32:38 +0300] "GET / HTTP/1.1" 200 0
0:0:0:0:0:0:0:1 - - [06/Jun/2015:02:32:38 +0300] "GET /style.css HTTP/1.1" 200 0
0:0:0:0:0:0:0:1 - - [06/Jun/2015:02:33:02 +0300] "GET / HTTP/1.1" 200 0
0:0:0:0:0:0:0:1 - - [06/Jun/2015:02:33:02 +0300] "GET /style.css HTTP/1.1" 200 0
0:0:0:0:0:0:0:1 - - [06/Jun/2015:16:43:08 +0300] "GET /api/game/ready/ HTTP/1.1" 200 0
0:0:0:0:0:0:0:1 - - [06/Jun/2015:16:43:15 +0300] "GET /api/ HTTP/1.1" 200 0
0:0:0:0:0:0:0:1 - - [06/Jun/2015:16:43:22 +0300] "GET / HTTP/1.1" 200 0
0:0:0:0:0:0:0:1 - - [06/Jun/2015:16:43:22 +0300] "GET /style.css HTTP/1.1" 200 0
