[01/Jun/2015:16:09:27 +0300], module traverse failed: mod_esi:do => 
   Error Type:  exit
   Error:       {mod_esi_linked_process_died,<0.60.0>,normal}
   Stack trace: [{mod_esi,receive_headers,1,[{file,"mod_esi.erl"},{line,437}]},
                 {mod_esi,deliver_webpage_chunk,3,
                     [{file,"mod_esi.erl"},{line,388}]},
                 {mod_esi,erl_scheme_webpage_chunk,5,
                     [{file,"mod_esi.erl"},{line,377}]},
                 {mod_esi,generate_webpage,7,
                     [{file,"mod_esi.erl"},{line,306}]},
                 {httpd_response,traverse_modules,2,
                     [{file,"httpd_response.erl"},{line,72}]},
                 {httpd_response,generate_and_send_response,1,
                     [{file,"httpd_response.erl"},{line,40}]},
                 {httpd_request_handler,handle_response,1,
                     [{file,"httpd_request_handler.erl"},{line,527}]},
                 {gen_server,try_dispatch,4,
                     [{file,"gen_server.erl"},{line,593}]}]
[01/Jun/2015:16:09:36 +0300], module traverse failed: mod_esi:do => 
   Error Type:  exit
   Error:       {mod_esi_linked_process_died,<0.62.0>,normal}
   Stack trace: [{mod_esi,receive_headers,1,[{file,"mod_esi.erl"},{line,437}]},
                 {mod_esi,deliver_webpage_chunk,3,
                     [{file,"mod_esi.erl"},{line,388}]},
                 {mod_esi,erl_scheme_webpage_chunk,5,
                     [{file,"mod_esi.erl"},{line,377}]},
                 {mod_esi,generate_webpage,7,
                     [{file,"mod_esi.erl"},{line,306}]},
                 {httpd_response,traverse_modules,2,
                     [{file,"httpd_response.erl"},{line,72}]},
                 {httpd_response,generate_and_send_response,1,
                     [{file,"httpd_response.erl"},{line,40}]},
                 {httpd_request_handler,handle_response,1,
                     [{file,"httpd_request_handler.erl"},{line,527}]},
                 {gen_server,try_dispatch,4,
                     [{file,"gen_server.erl"},{line,593}]}]
[01/Jun/2015:16:09:39 +0300], module traverse failed: mod_esi:do => 
   Error Type:  exit
   Error:       {mod_esi_linked_process_died,<0.64.0>,normal}
   Stack trace: [{mod_esi,receive_headers,1,[{file,"mod_esi.erl"},{line,437}]},
                 {mod_esi,deliver_webpage_chunk,3,
                     [{file,"mod_esi.erl"},{line,388}]},
                 {mod_esi,erl_scheme_webpage_chunk,5,
                     [{file,"mod_esi.erl"},{line,377}]},
                 {mod_esi,generate_webpage,7,
                     [{file,"mod_esi.erl"},{line,306}]},
                 {httpd_response,traverse_modules,2,
                     [{file,"httpd_response.erl"},{line,72}]},
                 {httpd_response,generate_and_send_response,1,
                     [{file,"httpd_response.erl"},{line,40}]},
                 {httpd_request_handler,handle_response,1,
                     [{file,"httpd_request_handler.erl"},{line,527}]},
                 {gen_server,try_dispatch,4,
                     [{file,"gen_server.erl"},{line,593}]}]
[01/Jun/2015:16:09:43 +0300], module traverse failed: mod_esi:do => 
   Error Type:  exit
   Error:       {mod_esi_linked_process_died,<0.65.0>,normal}
   Stack trace: [{mod_esi,receive_headers,1,[{file,"mod_esi.erl"},{line,437}]},
                 {mod_esi,deliver_webpage_chunk,3,
                     [{file,"mod_esi.erl"},{line,388}]},
                 {mod_esi,erl_scheme_webpage_chunk,5,
                     [{file,"mod_esi.erl"},{line,377}]},
                 {mod_esi,generate_webpage,7,
                     [{file,"mod_esi.erl"},{line,306}]},
                 {httpd_response,traverse_modules,2,
                     [{file,"httpd_response.erl"},{line,72}]},
                 {httpd_response,generate_and_send_response,1,
                     [{file,"httpd_response.erl"},{line,40}]},
                 {httpd_request_handler,handle_response,1,
                     [{file,"httpd_request_handler.erl"},{line,527}]},
                 {gen_server,try_dispatch,4,
                     [{file,"gen_server.erl"},{line,593}]}]
[01/Jun/2015:16:09:55 +0300], module traverse failed: mod_esi:do => 
   Error Type:  exit
   Error:       {mod_esi_linked_process_died,<0.58.0>,normal}
   Stack trace: [{mod_esi,receive_headers,1,[{file,"mod_esi.erl"},{line,437}]},
                 {mod_esi,deliver_webpage_chunk,3,
                     [{file,"mod_esi.erl"},{line,388}]},
                 {mod_esi,erl_scheme_webpage_chunk,5,
                     [{file,"mod_esi.erl"},{line,377}]},
                 {mod_esi,generate_webpage,7,
                     [{file,"mod_esi.erl"},{line,306}]},
                 {httpd_response,traverse_modules,2,
                     [{file,"httpd_response.erl"},{line,72}]},
                 {httpd_response,generate_and_send_response,1,
                     [{file,"httpd_response.erl"},{line,40}]},
                 {httpd_request_handler,handle_response,1,
                     [{file,"httpd_request_handler.erl"},{line,527}]},
                 {gen_server,try_dispatch,4,
                     [{file,"gen_server.erl"},{line,593}]}]
[01/Jun/2015:16:09:57 +0300], module traverse failed: mod_esi:do => 
   Error Type:  exit
   Error:       {mod_esi_linked_process_died,<0.60.0>,normal}
   Stack trace: [{mod_esi,receive_headers,1,[{file,"mod_esi.erl"},{line,437}]},
                 {mod_esi,deliver_webpage_chunk,3,
                     [{file,"mod_esi.erl"},{line,388}]},
                 {mod_esi,erl_scheme_webpage_chunk,5,
                     [{file,"mod_esi.erl"},{line,377}]},
                 {mod_esi,generate_webpage,7,
                     [{file,"mod_esi.erl"},{line,306}]},
                 {httpd_response,traverse_modules,2,
                     [{file,"httpd_response.erl"},{line,72}]},
                 {httpd_response,generate_and_send_response,1,
                     [{file,"httpd_response.erl"},{line,40}]},
                 {httpd_request_handler,handle_response,1,
                     [{file,"httpd_request_handler.erl"},{line,527}]},
                 {gen_server,try_dispatch,4,
                     [{file,"gen_server.erl"},{line,593}]}]
[01/Jun/2015:16:11:21 +0300], module traverse failed: mod_esi:do => 
   Error Type:  exit
   Error:       {mod_esi_linked_process_died,<0.58.0>,normal}
   Stack trace: [{mod_esi,receive_headers,1,[{file,"mod_esi.erl"},{line,437}]},
                 {mod_esi,deliver_webpage_chunk,3,
                     [{file,"mod_esi.erl"},{line,388}]},
                 {mod_esi,erl_scheme_webpage_chunk,5,
                     [{file,"mod_esi.erl"},{line,377}]},
                 {mod_esi,generate_webpage,7,
                     [{file,"mod_esi.erl"},{line,306}]},
                 {httpd_response,traverse_modules,2,
                     [{file,"httpd_response.erl"},{line,72}]},
                 {httpd_response,generate_and_send_response,1,
                     [{file,"httpd_response.erl"},{line,40}]},
                 {httpd_request_handler,handle_response,1,
                     [{file,"httpd_request_handler.erl"},{line,527}]},
                 {gen_server,try_dispatch,4,
                     [{file,"gen_server.erl"},{line,593}]}]
[01/Jun/2015:16:11:23 +0300], module traverse failed: mod_esi:do => 
   Error Type:  exit
   Error:       {mod_esi_linked_process_died,<0.60.0>,normal}
   Stack trace: [{mod_esi,receive_headers,1,[{file,"mod_esi.erl"},{line,437}]},
                 {mod_esi,deliver_webpage_chunk,3,
                     [{file,"mod_esi.erl"},{line,388}]},
                 {mod_esi,erl_scheme_webpage_chunk,5,
                     [{file,"mod_esi.erl"},{line,377}]},
                 {mod_esi,generate_webpage,7,
                     [{file,"mod_esi.erl"},{line,306}]},
                 {httpd_response,traverse_modules,2,
                     [{file,"httpd_response.erl"},{line,72}]},
                 {httpd_response,generate_and_send_response,1,
                     [{file,"httpd_response.erl"},{line,40}]},
                 {httpd_request_handler,handle_response,1,
                     [{file,"httpd_request_handler.erl"},{line,527}]},
                 {gen_server,try_dispatch,4,
                     [{file,"gen_server.erl"},{line,593}]}]
[01/Jun/2015:16:12:53 +0300], module traverse failed: mod_esi:do => 
   Error Type:  exit
   Error:       {mod_esi_linked_process_died,<0.58.0>,normal}
   Stack trace: [{mod_esi,receive_headers,1,[{file,"mod_esi.erl"},{line,437}]},
                 {mod_esi,deliver_webpage_chunk,3,
                     [{file,"mod_esi.erl"},{line,388}]},
                 {mod_esi,erl_scheme_webpage_chunk,5,
                     [{file,"mod_esi.erl"},{line,377}]},
                 {mod_esi,generate_webpage,7,
                     [{file,"mod_esi.erl"},{line,306}]},
                 {httpd_response,traverse_modules,2,
                     [{file,"httpd_response.erl"},{line,72}]},
                 {httpd_response,generate_and_send_response,1,
                     [{file,"httpd_response.erl"},{line,40}]},
                 {httpd_request_handler,handle_response,1,
                     [{file,"httpd_request_handler.erl"},{line,527}]},
                 {gen_server,try_dispatch,4,
                     [{file,"gen_server.erl"},{line,593}]}]
[01/Jun/2015:16:15:29 +0300], module traverse failed: mod_esi:do => 
   Error Type:  exit
   Error:       {mod_esi_linked_process_died,<0.61.0>,normal}
   Stack trace: [{mod_esi,receive_headers,1,[{file,"mod_esi.erl"},{line,437}]},
                 {mod_esi,deliver_webpage_chunk,3,
                     [{file,"mod_esi.erl"},{line,388}]},
                 {mod_esi,erl_scheme_webpage_chunk,5,
                     [{file,"mod_esi.erl"},{line,377}]},
                 {mod_esi,generate_webpage,7,
                     [{file,"mod_esi.erl"},{line,306}]},
                 {httpd_response,traverse_modules,2,
                     [{file,"httpd_response.erl"},{line,72}]},
                 {httpd_response,generate_and_send_response,1,
                     [{file,"httpd_response.erl"},{line,40}]},
                 {httpd_request_handler,handle_response,1,
                     [{file,"httpd_request_handler.erl"},{line,527}]},
                 {gen_server,try_dispatch,4,
                     [{file,"gen_server.erl"},{line,593}]}]
[01/Jun/2015:16:15:31 +0300], module traverse failed: mod_esi:do => 
   Error Type:  exit
   Error:       {mod_esi_linked_process_died,<0.62.0>,normal}
   Stack trace: [{mod_esi,receive_headers,1,[{file,"mod_esi.erl"},{line,437}]},
                 {mod_esi,deliver_webpage_chunk,3,
                     [{file,"mod_esi.erl"},{line,388}]},
                 {mod_esi,erl_scheme_webpage_chunk,5,
                     [{file,"mod_esi.erl"},{line,377}]},
                 {mod_esi,generate_webpage,7,
                     [{file,"mod_esi.erl"},{line,306}]},
                 {httpd_response,traverse_modules,2,
                     [{file,"httpd_response.erl"},{line,72}]},
                 {httpd_response,generate_and_send_response,1,
                     [{file,"httpd_response.erl"},{line,40}]},
                 {httpd_request_handler,handle_response,1,
                     [{file,"httpd_request_handler.erl"},{line,527}]},
                 {gen_server,try_dispatch,4,
                     [{file,"gen_server.erl"},{line,593}]}]
[01/Jun/2015:16:56:34 +0300], module traverse failed: mod_esi:do => 
   Error Type:  exit
   Error:       {mod_esi_linked_process_died,<0.65.0>,normal}
   Stack trace: [{mod_esi,receive_headers,1,[{file,"mod_esi.erl"},{line,437}]},
                 {mod_esi,deliver_webpage_chunk,3,
                     [{file,"mod_esi.erl"},{line,388}]},
                 {mod_esi,erl_scheme_webpage_chunk,5,
                     [{file,"mod_esi.erl"},{line,377}]},
                 {mod_esi,generate_webpage,7,
                     [{file,"mod_esi.erl"},{line,306}]},
                 {httpd_response,traverse_modules,2,
                     [{file,"httpd_response.erl"},{line,72}]},
                 {httpd_response,generate_and_send_response,1,
                     [{file,"httpd_response.erl"},{line,40}]},
                 {httpd_request_handler,handle_response,1,
                     [{file,"httpd_request_handler.erl"},{line,527}]},
                 {gen_server,try_dispatch,4,
                     [{file,"gen_server.erl"},{line,593}]}]
[01/Jun/2015:17:10:08 +0300], module traverse failed: mod_esi:do => 
   Error Type:  exit
   Error:       {mod_esi_linked_process_died,<0.58.0>,normal}
   Stack trace: [{mod_esi,receive_headers,1,[{file,"mod_esi.erl"},{line,437}]},
                 {mod_esi,deliver_webpage_chunk,3,
                     [{file,"mod_esi.erl"},{line,388}]},
                 {mod_esi,erl_scheme_webpage_chunk,5,
                     [{file,"mod_esi.erl"},{line,377}]},
                 {mod_esi,generate_webpage,7,
                     [{file,"mod_esi.erl"},{line,306}]},
                 {httpd_response,traverse_modules,2,
                     [{file,"httpd_response.erl"},{line,72}]},
                 {httpd_response,generate_and_send_response,1,
                     [{file,"httpd_response.erl"},{line,40}]},
                 {httpd_request_handler,handle_response,1,
                     [{file,"httpd_request_handler.erl"},{line,527}]},
                 {gen_server,try_dispatch,4,
                     [{file,"gen_server.erl"},{line,593}]}]
[01/Jun/2015:17:10:18 +0300], module traverse failed: mod_esi:do => 
   Error Type:  exit
   Error:       {mod_esi_linked_process_died,<0.61.0>,normal}
   Stack trace: [{mod_esi,receive_headers,1,[{file,"mod_esi.erl"},{line,437}]},
                 {mod_esi,deliver_webpage_chunk,3,
                     [{file,"mod_esi.erl"},{line,388}]},
                 {mod_esi,erl_scheme_webpage_chunk,5,
                     [{file,"mod_esi.erl"},{line,377}]},
                 {mod_esi,generate_webpage,7,
                     [{file,"mod_esi.erl"},{line,306}]},
                 {httpd_response,traverse_modules,2,
                     [{file,"httpd_response.erl"},{line,72}]},
                 {httpd_response,generate_and_send_response,1,
                     [{file,"httpd_response.erl"},{line,40}]},
                 {httpd_request_handler,handle_response,1,
                     [{file,"httpd_request_handler.erl"},{line,527}]},
                 {gen_server,try_dispatch,4,
                     [{file,"gen_server.erl"},{line,593}]}]
[01/Jun/2015:17:12:25 +0300], module traverse failed: mod_esi:do => 
   Error Type:  exit
   Error:       {mod_esi_linked_process_died,<0.63.0>,normal}
   Stack trace: [{mod_esi,receive_headers,1,[{file,"mod_esi.erl"},{line,437}]},
                 {mod_esi,deliver_webpage_chunk,3,
                     [{file,"mod_esi.erl"},{line,388}]},
                 {mod_esi,erl_scheme_webpage_chunk,5,
                     [{file,"mod_esi.erl"},{line,377}]},
                 {mod_esi,generate_webpage,7,
                     [{file,"mod_esi.erl"},{line,306}]},
                 {httpd_response,traverse_modules,2,
                     [{file,"httpd_response.erl"},{line,72}]},
                 {httpd_response,generate_and_send_response,1,
                     [{file,"httpd_response.erl"},{line,40}]},
                 {httpd_request_handler,handle_response,1,
                     [{file,"httpd_request_handler.erl"},{line,527}]},
                 {gen_server,try_dispatch,4,
                     [{file,"gen_server.erl"},{line,593}]}]
[01/Jun/2015:17:12:26 +0300], module traverse failed: mod_esi:do => 
   Error Type:  exit
   Error:       {mod_esi_linked_process_died,<0.64.0>,normal}
   Stack trace: [{mod_esi,receive_headers,1,[{file,"mod_esi.erl"},{line,437}]},
                 {mod_esi,deliver_webpage_chunk,3,
                     [{file,"mod_esi.erl"},{line,388}]},
                 {mod_esi,erl_scheme_webpage_chunk,5,
                     [{file,"mod_esi.erl"},{line,377}]},
                 {mod_esi,generate_webpage,7,
                     [{file,"mod_esi.erl"},{line,306}]},
                 {httpd_response,traverse_modules,2,
                     [{file,"httpd_response.erl"},{line,72}]},
                 {httpd_response,generate_and_send_response,1,
                     [{file,"httpd_response.erl"},{line,40}]},
                 {httpd_request_handler,handle_response,1,
                     [{file,"httpd_request_handler.erl"},{line,527}]},
                 {gen_server,try_dispatch,4,
                     [{file,"gen_server.erl"},{line,593}]}]
[01/Jun/2015:17:12:30 +0300], module traverse failed: mod_esi:do => 
   Error Type:  exit
   Error:       {mod_esi_linked_process_died,<0.65.0>,normal}
   Stack trace: [{mod_esi,receive_headers,1,[{file,"mod_esi.erl"},{line,437}]},
                 {mod_esi,deliver_webpage_chunk,3,
                     [{file,"mod_esi.erl"},{line,388}]},
                 {mod_esi,erl_scheme_webpage_chunk,5,
                     [{file,"mod_esi.erl"},{line,377}]},
                 {mod_esi,generate_webpage,7,
                     [{file,"mod_esi.erl"},{line,306}]},
                 {httpd_response,traverse_modules,2,
                     [{file,"httpd_response.erl"},{line,72}]},
                 {httpd_response,generate_and_send_response,1,
                     [{file,"httpd_response.erl"},{line,40}]},
                 {httpd_request_handler,handle_response,1,
                     [{file,"httpd_request_handler.erl"},{line,527}]},
                 {gen_server,try_dispatch,4,
                     [{file,"gen_server.erl"},{line,593}]}]
[01/Jun/2015:17:13:34 +0300], module traverse failed: mod_esi:do => 
   Error Type:  exit
   Error:       {mod_esi_linked_process_died,<0.63.0>,normal}
   Stack trace: [{mod_esi,receive_headers,1,[{file,"mod_esi.erl"},{line,437}]},
                 {mod_esi,deliver_webpage_chunk,3,
                     [{file,"mod_esi.erl"},{line,388}]},
                 {mod_esi,erl_scheme_webpage_chunk,5,
                     [{file,"mod_esi.erl"},{line,377}]},
                 {mod_esi,generate_webpage,7,
                     [{file,"mod_esi.erl"},{line,306}]},
                 {httpd_response,traverse_modules,2,
                     [{file,"httpd_response.erl"},{line,72}]},
                 {httpd_response,generate_and_send_response,1,
                     [{file,"httpd_response.erl"},{line,40}]},
                 {httpd_request_handler,handle_response,1,
                     [{file,"httpd_request_handler.erl"},{line,527}]},
                 {gen_server,try_dispatch,4,
                     [{file,"gen_server.erl"},{line,593}]}]
[02/Jun/2015:23:49:44 +0300], module traverse failed: mod_esi:do => 
   Error Type:  exit
   Error:       {mod_esi_linked_process_died,<0.61.0>,normal}
   Stack trace: [{mod_esi,receive_headers,1,[{file,"mod_esi.erl"},{line,437}]},
                 {mod_esi,deliver_webpage_chunk,3,
                     [{file,"mod_esi.erl"},{line,388}]},
                 {mod_esi,erl_scheme_webpage_chunk,5,
                     [{file,"mod_esi.erl"},{line,377}]},
                 {mod_esi,generate_webpage,7,
                     [{file,"mod_esi.erl"},{line,306}]},
                 {httpd_response,traverse_modules,2,
                     [{file,"httpd_response.erl"},{line,72}]},
                 {httpd_response,generate_and_send_response,1,
                     [{file,"httpd_response.erl"},{line,40}]},
                 {httpd_request_handler,handle_response,1,
                     [{file,"httpd_request_handler.erl"},{line,527}]},
                 {gen_server,try_dispatch,4,
                     [{file,"gen_server.erl"},{line,593}]}]
[03/Jun/2015:01:07:08 +0300], module traverse failed: mod_esi:do => 
   Error Type:  exit
   Error:       {mod_esi_linked_process_died,<0.60.0>,normal}
   Stack trace: [{mod_esi,receive_headers,1,[{file,"mod_esi.erl"},{line,437}]},
                 {mod_esi,deliver_webpage_chunk,3,
                     [{file,"mod_esi.erl"},{line,388}]},
                 {mod_esi,erl_scheme_webpage_chunk,5,
                     [{file,"mod_esi.erl"},{line,377}]},
                 {mod_esi,generate_webpage,7,
                     [{file,"mod_esi.erl"},{line,306}]},
                 {httpd_response,traverse_modules,2,
                     [{file,"httpd_response.erl"},{line,72}]},
                 {httpd_response,generate_and_send_response,1,
                     [{file,"httpd_response.erl"},{line,40}]},
                 {httpd_request_handler,handle_response,1,
                     [{file,"httpd_request_handler.erl"},{line,527}]},
                 {gen_server,try_dispatch,4,
                     [{file,"gen_server.erl"},{line,593}]}]
[03/Jun/2015:01:07:12 +0300], module traverse failed: mod_esi:do => 
   Error Type:  exit
   Error:       {mod_esi_linked_process_died,<0.61.0>,normal}
   Stack trace: [{mod_esi,receive_headers,1,[{file,"mod_esi.erl"},{line,437}]},
                 {mod_esi,deliver_webpage_chunk,3,
                     [{file,"mod_esi.erl"},{line,388}]},
                 {mod_esi,erl_scheme_webpage_chunk,5,
                     [{file,"mod_esi.erl"},{line,377}]},
                 {mod_esi,generate_webpage,7,
                     [{file,"mod_esi.erl"},{line,306}]},
                 {httpd_response,traverse_modules,2,
                     [{file,"httpd_response.erl"},{line,72}]},
                 {httpd_response,generate_and_send_response,1,
                     [{file,"httpd_response.erl"},{line,40}]},
                 {httpd_request_handler,handle_response,1,
                     [{file,"httpd_request_handler.erl"},{line,527}]},
                 {gen_server,try_dispatch,4,
                     [{file,"gen_server.erl"},{line,593}]}]
[03/Jun/2015:01:07:15 +0300], module traverse failed: mod_esi:do => 
   Error Type:  error
   Error:       function_clause
   Stack trace: [{lists,flatten,[0],[{file,"lists.erl"},{line,614}]},
                 {mod_esi,receive_headers,1,[{file,"mod_esi.erl"},{line,428}]},
                 {mod_esi,deliver_webpage_chunk,3,
                     [{file,"mod_esi.erl"},{line,388}]},
                 {mod_esi,erl_scheme_webpage_chunk,5,
                     [{file,"mod_esi.erl"},{line,377}]},
                 {mod_esi,generate_webpage,7,
                     [{file,"mod_esi.erl"},{line,306}]},
                 {httpd_response,traverse_modules,2,
                     [{file,"httpd_response.erl"},{line,72}]},
                 {httpd_response,generate_and_send_response,1,
                     [{file,"httpd_response.erl"},{line,40}]},
                 {httpd_request_handler,handle_response,1,
                     [{file,"httpd_request_handler.erl"},{line,527}]}]
[03/Jun/2015:01:07:25 +0300], module traverse failed: mod_esi:do => 
   Error Type:  error
   Error:       function_clause
   Stack trace: [{lists,flatten,[0],[{file,"lists.erl"},{line,614}]},
                 {mod_esi,receive_headers,1,[{file,"mod_esi.erl"},{line,428}]},
                 {mod_esi,deliver_webpage_chunk,3,
                     [{file,"mod_esi.erl"},{line,388}]},
                 {mod_esi,erl_scheme_webpage_chunk,5,
                     [{file,"mod_esi.erl"},{line,377}]},
                 {mod_esi,generate_webpage,7,
                     [{file,"mod_esi.erl"},{line,306}]},
                 {httpd_response,traverse_modules,2,
                     [{file,"httpd_response.erl"},{line,72}]},
                 {httpd_response,generate_and_send_response,1,
                     [{file,"httpd_response.erl"},{line,40}]},
                 {httpd_request_handler,handle_response,1,
                     [{file,"httpd_request_handler.erl"},{line,527}]}]
[03/Jun/2015:01:07:26 +0300], module traverse failed: mod_esi:do => 
   Error Type:  error
   Error:       function_clause
   Stack trace: [{lists,flatten,[0],[{file,"lists.erl"},{line,614}]},
                 {mod_esi,receive_headers,1,[{file,"mod_esi.erl"},{line,428}]},
                 {mod_esi,deliver_webpage_chunk,3,
                     [{file,"mod_esi.erl"},{line,388}]},
                 {mod_esi,erl_scheme_webpage_chunk,5,
                     [{file,"mod_esi.erl"},{line,377}]},
                 {mod_esi,generate_webpage,7,
                     [{file,"mod_esi.erl"},{line,306}]},
                 {httpd_response,traverse_modules,2,
                     [{file,"httpd_response.erl"},{line,72}]},
                 {httpd_response,generate_and_send_response,1,
                     [{file,"httpd_response.erl"},{line,40}]},
                 {httpd_request_handler,handle_response,1,
                     [{file,"httpd_request_handler.erl"},{line,527}]}]
[03/Jun/2015:01:07:38 +0300], module traverse failed: mod_esi:do => 
   Error Type:  exit
   Error:       {mod_esi_linked_process_died,<0.68.0>,normal}
   Stack trace: [{mod_esi,receive_headers,1,[{file,"mod_esi.erl"},{line,437}]},
                 {mod_esi,deliver_webpage_chunk,3,
                     [{file,"mod_esi.erl"},{line,388}]},
                 {mod_esi,erl_scheme_webpage_chunk,5,
                     [{file,"mod_esi.erl"},{line,377}]},
                 {mod_esi,generate_webpage,7,
                     [{file,"mod_esi.erl"},{line,306}]},
                 {httpd_response,traverse_modules,2,
                     [{file,"httpd_response.erl"},{line,72}]},
                 {httpd_response,generate_and_send_response,1,
                     [{file,"httpd_response.erl"},{line,40}]},
                 {httpd_request_handler,handle_response,1,
                     [{file,"httpd_request_handler.erl"},{line,527}]},
                 {gen_server,try_dispatch,4,
                     [{file,"gen_server.erl"},{line,593}]}]
[03/Jun/2015:01:07:40 +0300], module traverse failed: mod_esi:do => 
   Error Type:  exit
   Error:       {mod_esi_linked_process_died,<0.69.0>,normal}
   Stack trace: [{mod_esi,receive_headers,1,[{file,"mod_esi.erl"},{line,437}]},
                 {mod_esi,deliver_webpage_chunk,3,
                     [{file,"mod_esi.erl"},{line,388}]},
                 {mod_esi,erl_scheme_webpage_chunk,5,
                     [{file,"mod_esi.erl"},{line,377}]},
                 {mod_esi,generate_webpage,7,
                     [{file,"mod_esi.erl"},{line,306}]},
                 {httpd_response,traverse_modules,2,
                     [{file,"httpd_response.erl"},{line,72}]},
                 {httpd_response,generate_and_send_response,1,
                     [{file,"httpd_response.erl"},{line,40}]},
                 {httpd_request_handler,handle_response,1,
                     [{file,"httpd_request_handler.erl"},{line,527}]},
                 {gen_server,try_dispatch,4,
                     [{file,"gen_server.erl"},{line,593}]}]
[03/Jun/2015:01:08:23 +0300], module traverse failed: mod_esi:do => 
   Error Type:  error
   Error:       function_clause
   Stack trace: [{lists,flatten,[0],[{file,"lists.erl"},{line,614}]},
                 {mod_esi,receive_headers,1,[{file,"mod_esi.erl"},{line,428}]},
                 {mod_esi,deliver_webpage_chunk,3,
                     [{file,"mod_esi.erl"},{line,388}]},
                 {mod_esi,erl_scheme_webpage_chunk,5,
                     [{file,"mod_esi.erl"},{line,377}]},
                 {mod_esi,generate_webpage,7,
                     [{file,"mod_esi.erl"},{line,306}]},
                 {httpd_response,traverse_modules,2,
                     [{file,"httpd_response.erl"},{line,72}]},
                 {httpd_response,generate_and_send_response,1,
                     [{file,"httpd_response.erl"},{line,40}]},
                 {httpd_request_handler,handle_response,1,
                     [{file,"httpd_request_handler.erl"},{line,527}]}]
[03/Jun/2015:01:10:38 +0300], module traverse failed: mod_esi:do => 
   Error Type:  exit
   Error:       {mod_esi_linked_process_died,<0.60.0>,normal}
   Stack trace: [{mod_esi,receive_headers,1,[{file,"mod_esi.erl"},{line,437}]},
                 {mod_esi,deliver_webpage_chunk,3,
                     [{file,"mod_esi.erl"},{line,388}]},
                 {mod_esi,erl_scheme_webpage_chunk,5,
                     [{file,"mod_esi.erl"},{line,377}]},
                 {mod_esi,generate_webpage,7,
                     [{file,"mod_esi.erl"},{line,306}]},
                 {httpd_response,traverse_modules,2,
                     [{file,"httpd_response.erl"},{line,72}]},
                 {httpd_response,generate_and_send_response,1,
                     [{file,"httpd_response.erl"},{line,40}]},
                 {httpd_request_handler,handle_response,1,
                     [{file,"httpd_request_handler.erl"},{line,527}]},
                 {gen_server,try_dispatch,4,
                     [{file,"gen_server.erl"},{line,593}]}]
[03/Jun/2015:01:10:43 +0300], module traverse failed: mod_esi:do => 
   Error Type:  exit
   Error:       {mod_esi_linked_process_died,<0.62.0>,normal}
   Stack trace: [{mod_esi,receive_headers,1,[{file,"mod_esi.erl"},{line,437}]},
                 {mod_esi,deliver_webpage_chunk,3,
                     [{file,"mod_esi.erl"},{line,388}]},
                 {mod_esi,erl_scheme_webpage_chunk,5,
                     [{file,"mod_esi.erl"},{line,377}]},
                 {mod_esi,generate_webpage,7,
                     [{file,"mod_esi.erl"},{line,306}]},
                 {httpd_response,traverse_modules,2,
                     [{file,"httpd_response.erl"},{line,72}]},
                 {httpd_response,generate_and_send_response,1,
                     [{file,"httpd_response.erl"},{line,40}]},
                 {httpd_request_handler,handle_response,1,
                     [{file,"httpd_request_handler.erl"},{line,527}]},
                 {gen_server,try_dispatch,4,
                     [{file,"gen_server.erl"},{line,593}]}]
[03/Jun/2015:01:10:46 +0300], module traverse failed: mod_esi:do => 
   Error Type:  exit
   Error:       {mod_esi_linked_process_died,<0.64.0>,normal}
   Stack trace: [{mod_esi,receive_headers,1,[{file,"mod_esi.erl"},{line,437}]},
                 {mod_esi,deliver_webpage_chunk,3,
                     [{file,"mod_esi.erl"},{line,388}]},
                 {mod_esi,erl_scheme_webpage_chunk,5,
                     [{file,"mod_esi.erl"},{line,377}]},
                 {mod_esi,generate_webpage,7,
                     [{file,"mod_esi.erl"},{line,306}]},
                 {httpd_response,traverse_modules,2,
                     [{file,"httpd_response.erl"},{line,72}]},
                 {httpd_response,generate_and_send_response,1,
                     [{file,"httpd_response.erl"},{line,40}]},
                 {httpd_request_handler,handle_response,1,
                     [{file,"httpd_request_handler.erl"},{line,527}]},
                 {gen_server,try_dispatch,4,
                     [{file,"gen_server.erl"},{line,593}]}]
[03/Jun/2015:01:11:06 +0300], module traverse failed: mod_esi:do => 
   Error Type:  exit
   Error:       {mod_esi_linked_process_died,<0.68.0>,normal}
   Stack trace: [{mod_esi,receive_headers,1,[{file,"mod_esi.erl"},{line,437}]},
                 {mod_esi,deliver_webpage_chunk,3,
                     [{file,"mod_esi.erl"},{line,388}]},
                 {mod_esi,erl_scheme_webpage_chunk,5,
                     [{file,"mod_esi.erl"},{line,377}]},
                 {mod_esi,generate_webpage,7,
                     [{file,"mod_esi.erl"},{line,306}]},
                 {httpd_response,traverse_modules,2,
                     [{file,"httpd_response.erl"},{line,72}]},
                 {httpd_response,generate_and_send_response,1,
                     [{file,"httpd_response.erl"},{line,40}]},
                 {httpd_request_handler,handle_response,1,
                     [{file,"httpd_request_handler.erl"},{line,527}]},
                 {gen_server,try_dispatch,4,
                     [{file,"gen_server.erl"},{line,593}]}]
[03/Jun/2015:01:11:19 +0300], module traverse failed: mod_esi:do => 
   Error Type:  exit
   Error:       {mod_esi_linked_process_died,<0.71.0>,normal}
   Stack trace: [{mod_esi,receive_headers,1,[{file,"mod_esi.erl"},{line,437}]},
                 {mod_esi,deliver_webpage_chunk,3,
                     [{file,"mod_esi.erl"},{line,388}]},
                 {mod_esi,erl_scheme_webpage_chunk,5,
                     [{file,"mod_esi.erl"},{line,377}]},
                 {mod_esi,generate_webpage,7,
                     [{file,"mod_esi.erl"},{line,306}]},
                 {httpd_response,traverse_modules,2,
                     [{file,"httpd_response.erl"},{line,72}]},
                 {httpd_response,generate_and_send_response,1,
                     [{file,"httpd_response.erl"},{line,40}]},
                 {httpd_request_handler,handle_response,1,
                     [{file,"httpd_request_handler.erl"},{line,527}]},
                 {gen_server,try_dispatch,4,
                     [{file,"gen_server.erl"},{line,593}]}]
[03/Jun/2015:18:45:00 +0300], module traverse failed: mod_esi:do => 
   Error Type:  exit
   Error:       {mod_esi_linked_process_died,<0.64.0>,normal}
   Stack trace: [{mod_esi,receive_headers,1,[{file,"mod_esi.erl"},{line,437}]},
                 {mod_esi,deliver_webpage_chunk,3,
                     [{file,"mod_esi.erl"},{line,388}]},
                 {mod_esi,erl_scheme_webpage_chunk,5,
                     [{file,"mod_esi.erl"},{line,377}]},
                 {mod_esi,generate_webpage,7,
                     [{file,"mod_esi.erl"},{line,306}]},
                 {httpd_response,traverse_modules,2,
                     [{file,"httpd_response.erl"},{line,72}]},
                 {httpd_response,generate_and_send_response,1,
                     [{file,"httpd_response.erl"},{line,40}]},
                 {httpd_request_handler,handle_response,1,
                     [{file,"httpd_request_handler.erl"},{line,527}]},
                 {gen_server,try_dispatch,4,
                     [{file,"gen_server.erl"},{line,593}]}]
[03/Jun/2015:18:45:01 +0300], module traverse failed: mod_esi:do => 
   Error Type:  exit
   Error:       {mod_esi_linked_process_died,<0.65.0>,normal}
   Stack trace: [{mod_esi,receive_headers,1,[{file,"mod_esi.erl"},{line,437}]},
                 {mod_esi,deliver_webpage_chunk,3,
                     [{file,"mod_esi.erl"},{line,388}]},
                 {mod_esi,erl_scheme_webpage_chunk,5,
                     [{file,"mod_esi.erl"},{line,377}]},
                 {mod_esi,generate_webpage,7,
                     [{file,"mod_esi.erl"},{line,306}]},
                 {httpd_response,traverse_modules,2,
                     [{file,"httpd_response.erl"},{line,72}]},
                 {httpd_response,generate_and_send_response,1,
                     [{file,"httpd_response.erl"},{line,40}]},
                 {httpd_request_handler,handle_response,1,
                     [{file,"httpd_request_handler.erl"},{line,527}]},
                 {gen_server,try_dispatch,4,
                     [{file,"gen_server.erl"},{line,593}]}]
[03/Jun/2015:18:45:02 +0300], module traverse failed: mod_esi:do => 
   Error Type:  exit
   Error:       {mod_esi_linked_process_died,<0.66.0>,normal}
   Stack trace: [{mod_esi,receive_headers,1,[{file,"mod_esi.erl"},{line,437}]},
                 {mod_esi,deliver_webpage_chunk,3,
                     [{file,"mod_esi.erl"},{line,388}]},
                 {mod_esi,erl_scheme_webpage_chunk,5,
                     [{file,"mod_esi.erl"},{line,377}]},
                 {mod_esi,generate_webpage,7,
                     [{file,"mod_esi.erl"},{line,306}]},
                 {httpd_response,traverse_modules,2,
                     [{file,"httpd_response.erl"},{line,72}]},
                 {httpd_response,generate_and_send_response,1,
                     [{file,"httpd_response.erl"},{line,40}]},
                 {httpd_request_handler,handle_response,1,
                     [{file,"httpd_request_handler.erl"},{line,527}]},
                 {gen_server,try_dispatch,4,
                     [{file,"gen_server.erl"},{line,593}]}]
